[2019-01-07 18:00:18.232] [WARN] access - GET /
[2019-01-07 18:00:18.375] [WARN] access - GET /themes/default/assets/css/bootstrap.min.css
[2019-01-07 18:00:18.376] [WARN] access - GET /themes/default/assets/css/main.css
[2019-01-07 18:00:18.377] [WARN] access - GET /themes/default/assets/js/jquery-2.2.1.min.js
[2019-01-07 18:00:18.378] [WARN] access - GET /themes/default/assets/js/bootstrap.min.js
[2019-01-07 18:00:18.379] [WARN] access - GET /themes/default/assets/img/logo.png
[2019-01-07 18:00:18.840] [WARN] access - GET /
[2019-01-07 18:00:18.872] [WARN] access - GET /themes/default/assets/css/bootstrap.min.css
[2019-01-07 18:00:18.873] [WARN] access - GET /themes/default/assets/css/main.css
[2019-01-07 18:00:18.874] [WARN] access - GET /themes/default/assets/img/logo.png
[2019-01-07 18:00:18.878] [WARN] access - GET /themes/default/assets/js/bootstrap.min.js
[2019-01-07 18:00:18.879] [WARN] access - GET /themes/default/assets/js/jquery-2.2.1.min.js
[2019-01-07 18:00:19.503] [WARN] access - GET /
[2019-01-07 18:00:19.530] [WARN] access - GET /themes/default/assets/css/main.css
[2019-01-07 18:00:19.531] [WARN] access - GET /themes/default/assets/js/jquery-2.2.1.min.js
[2019-01-07 18:00:19.532] [WARN] access - GET /themes/default/assets/css/bootstrap.min.css
[2019-01-07 18:00:19.534] [WARN] access - GET /themes/default/assets/js/bootstrap.min.js
[2019-01-07 18:00:19.537] [WARN] access - GET /themes/default/assets/img/logo.png
[2019-01-07 18:02:23.116] [WARN] access - GET /
[2019-01-07 18:02:23.143] [WARN] access - GET /themes/default/assets/css/bootstrap.min.css
[2019-01-07 18:02:23.145] [WARN] access - GET /themes/default/assets/css/main.css
[2019-01-07 18:02:23.146] [WARN] access - GET /themes/default/assets/js/bootstrap.min.js
[2019-01-07 18:02:23.148] [WARN] access - GET /themes/default/assets/img/logo.png
[2019-01-07 18:02:23.150] [WARN] access - GET /themes/default/assets/js/jquery-2.2.1.min.js
[2019-01-07 18:02:23.288] [WARN] access - GET /
[2019-01-07 18:02:23.321] [WARN] access - GET /themes/default/assets/css/bootstrap.min.css
[2019-01-07 18:02:23.322] [WARN] access - GET /themes/default/assets/js/jquery-2.2.1.min.js
[2019-01-07 18:02:23.323] [WARN] access - GET /themes/default/assets/css/main.css
[2019-01-07 18:02:23.324] [WARN] access - GET /themes/default/assets/js/bootstrap.min.js
[2019-01-07 18:02:23.325] [WARN] access - GET /themes/default/assets/img/logo.png
[2019-01-07 18:08:27.557] [WARN] access - GET /
[2019-01-07 18:08:27.648] [WARN] access - GET /themes/default/assets/css/bootstrap.min.css
[2019-01-07 18:08:27.649] [WARN] access - GET /themes/default/assets/css/main.css
[2019-01-07 18:08:27.652] [WARN] access - GET /themes/default/assets/js/jquery-2.2.1.min.js
[2019-01-07 18:08:27.655] [WARN] access - GET /themes/default/assets/js/bootstrap.min.js
[2019-01-07 18:08:27.655] [WARN] access - GET /themes/default/assets/img/logo.png
[2019-01-07 18:08:27.915] [WARN] access - GET /
[2019-01-07 18:08:27.945] [WARN] access - GET /themes/default/assets/js/jquery-2.2.1.min.js
[2019-01-07 18:08:27.947] [WARN] access - GET /themes/default/assets/css/bootstrap.min.css
[2019-01-07 18:08:27.948] [WARN] access - GET /themes/default/assets/css/main.css
[2019-01-07 18:08:27.952] [WARN] access - GET /themes/default/assets/js/bootstrap.min.js
[2019-01-07 18:08:27.954] [WARN] access - GET /themes/default/assets/img/logo.png
[2019-01-07 18:08:28.055] [WARN] access - GET /
[2019-01-07 18:08:28.090] [WARN] access - GET /themes/default/assets/css/main.css
[2019-01-07 18:08:28.091] [WARN] access - GET /themes/default/assets/css/bootstrap.min.css
[2019-01-07 18:08:28.093] [WARN] access - GET /themes/default/assets/js/jquery-2.2.1.min.js
[2019-01-07 18:08:28.096] [WARN] access - GET /themes/default/assets/js/bootstrap.min.js
[2019-01-07 18:08:28.097] [WARN] access - GET /themes/default/assets/img/logo.png
[2019-01-07 18:08:38.574] [INFO] access - GET /getCate
[2019-01-07 18:08:38.604] [WARN] access - GET /themes/default/assets/css/bootstrap.min.css
[2019-01-07 18:08:38.609] [WARN] access - GET /themes/default/assets/css/main.css
[2019-01-07 18:08:38.613] [WARN] access - GET /themes/default/assets/js/bootstrap.min.js
[2019-01-07 18:08:38.622] [WARN] access - GET /themes/default/assets/img/logo.png
[2019-01-07 18:08:38.624] [WARN] access - GET /themes/default/assets/js/jquery-2.2.1.min.js
[2019-01-07 18:08:40.361] [WARN] access - GET /getCate
[2019-01-07 18:08:40.388] [WARN] access - GET /themes/default/assets/css/bootstrap.min.css
[2019-01-07 18:08:40.391] [WARN] access - GET /themes/default/assets/js/jquery-2.2.1.min.js
[2019-01-07 18:08:40.392] [WARN] access - GET /themes/default/assets/css/main.css
[2019-01-07 18:08:40.393] [WARN] access - GET /themes/default/assets/js/bootstrap.min.js
[2019-01-07 18:08:40.394] [WARN] access - GET /themes/default/assets/img/logo.png
[2019-01-07 18:08:40.729] [WARN] access - GET /getCate
[2019-01-07 18:08:40.756] [WARN] access - GET /themes/default/assets/js/jquery-2.2.1.min.js
[2019-01-07 18:08:40.756] [WARN] access - GET /themes/default/assets/css/main.css
[2019-01-07 18:08:40.757] [WARN] access - GET /themes/default/assets/css/bootstrap.min.css
[2019-01-07 18:08:40.758] [WARN] access - GET /themes/default/assets/img/logo.png
[2019-01-07 18:08:40.760] [WARN] access - GET /themes/default/assets/js/bootstrap.min.js
[2019-01-07 18:08:40.901] [WARN] access - GET /getCate
[2019-01-07 18:08:40.923] [WARN] access - GET /themes/default/assets/css/bootstrap.min.css
[2019-01-07 18:08:40.930] [WARN] access - GET /themes/default/assets/css/main.css
[2019-01-07 18:08:40.933] [WARN] access - GET /themes/default/assets/js/jquery-2.2.1.min.js
[2019-01-07 18:08:40.934] [WARN] access - GET /themes/default/assets/js/bootstrap.min.js
[2019-01-07 18:08:40.934] [WARN] access - GET /themes/default/assets/img/logo.png
[2019-01-07 18:08:41.060] [WARN] access - GET /getCate
[2019-01-07 18:08:41.085] [WARN] access - GET /themes/default/assets/css/bootstrap.min.css
[2019-01-07 18:08:41.086] [WARN] access - GET /themes/default/assets/css/main.css
[2019-01-07 18:08:41.088] [WARN] access - GET /themes/default/assets/js/jquery-2.2.1.min.js
[2019-01-07 18:08:41.088] [WARN] access - GET /themes/default/assets/js/bootstrap.min.js
[2019-01-07 18:08:41.089] [WARN] access - GET /themes/default/assets/img/logo.png
[2019-01-07 18:08:41.298] [WARN] access - GET /getCate
[2019-01-07 18:08:41.327] [WARN] access - GET /themes/default/assets/css/bootstrap.min.css
[2019-01-07 18:08:41.328] [WARN] access - GET /themes/default/assets/css/main.css
[2019-01-07 18:08:41.329] [WARN] access - GET /themes/default/assets/js/jquery-2.2.1.min.js
[2019-01-07 18:08:41.330] [WARN] access - GET /themes/default/assets/img/logo.png
[2019-01-07 18:08:41.331] [WARN] access - GET /themes/default/assets/js/bootstrap.min.js
[2019-01-07 18:08:53.284] [ERROR] access - GET /api/getCate
[2019-01-07 18:08:55.452] [ERROR] access - GET /api/getCate
[2019-01-07 18:08:55.838] [ERROR] access - GET /api/getCate
[2019-01-07 18:08:56.008] [ERROR] access - GET /api/getCate
[2019-01-07 18:08:56.151] [ERROR] access - GET /api/getCate
[2019-01-07 18:08:56.576] [ERROR] access - GET /api/getCate
[2019-01-07 18:08:56.953] [ERROR] access - GET /api/getCate
[2019-01-07 18:08:57.127] [ERROR] access - GET /api/getCate
[2019-01-07 18:08:58.430] [ERROR] access - GET /api/getCate
[2019-01-07 18:08:59.064] [ERROR] access - GET /api/getCate
[2019-01-07 18:09:04.133] [WARN] access - GET /api
[2019-01-07 18:09:04.161] [WARN] access - GET /themes/default/assets/css/bootstrap.min.css
[2019-01-07 18:09:04.184] [WARN] access - GET /themes/default/assets/css/main.css
[2019-01-07 18:09:04.185] [WARN] access - GET /themes/default/assets/js/jquery-2.2.1.min.js
[2019-01-07 18:09:04.188] [WARN] access - GET /themes/default/assets/js/bootstrap.min.js
[2019-01-07 18:09:04.189] [WARN] access - GET /themes/default/assets/img/logo.png
[2019-01-07 18:09:26.973] [ERROR] access - GET /api/wechatoauth
[2019-01-07 18:09:55.408] [WARN] access - GET /api
[2019-01-07 18:09:55.478] [WARN] access - GET /themes/default/assets/css/bootstrap.min.css
[2019-01-07 18:09:55.482] [WARN] access - GET /themes/default/assets/css/main.css
[2019-01-07 18:09:55.494] [WARN] access - GET /themes/default/assets/js/jquery-2.2.1.min.js
[2019-01-07 18:09:55.494] [WARN] access - GET /themes/default/assets/js/bootstrap.min.js
[2019-01-07 18:09:55.496] [WARN] access - GET /themes/default/assets/img/logo.png
[2019-01-07 18:09:58.884] [WARN] access - GET /api/wechatauth
[2019-01-07 18:09:58.898] [WARN] access - GET /themes/default/assets/css/main.css
[2019-01-07 18:09:58.899] [WARN] access - GET /themes/default/assets/css/bootstrap.min.css
[2019-01-07 18:10:06.288] [INFO] access - GET /api/getCate
[2019-01-07 18:10:36.200] [INFO] access - GET /api/getCate
[2019-01-07 18:10:36.902] [WARN] access - GET /api/getCate
[2019-01-07 18:10:37.083] [WARN] access - GET /api/getCate
[2019-01-07 18:10:37.243] [WARN] access - GET /api/getCate
[2019-01-07 18:10:37.426] [WARN] access - GET /api/getCate
[2019-01-07 18:10:37.599] [WARN] access - GET /api/getCate
[2019-01-07 18:10:37.757] [WARN] access - GET /api/getCate
[2019-01-07 18:10:37.911] [WARN] access - GET /api/getCate
[2019-01-07 18:12:26.326] [WARN] access - GET /api/getCate
[2019-01-07 18:12:26.505] [WARN] access - GET /api/getCate
[2019-01-07 18:12:26.784] [WARN] access - GET /api/getCate
[2019-01-07 18:12:26.950] [WARN] access - GET /api/getCate
[2019-01-07 18:12:27.112] [WARN] access - GET /api/getCate
[2019-01-07 18:12:27.272] [WARN] access - GET /api/getCate
[2019-01-07 18:12:27.430] [WARN] access - GET /api/getCate
[2019-01-07 18:12:27.646] [WARN] access - GET /api/getCate
[2019-01-07 18:12:27.855] [WARN] access - GET /api/getCate
[2019-01-07 18:12:28.081] [WARN] access - GET /api/getCate
[2019-01-07 18:12:28.287] [WARN] access - GET /api/getCate
[2019-01-07 18:12:37.653] [WARN] access - GET /api/getCate
[2019-01-07 18:12:38.127] [WARN] access - GET /api/getCate
[2019-01-07 18:12:38.307] [WARN] access - GET /api/getCate
[2019-01-07 18:12:38.469] [WARN] access - GET /api/getCate
[2019-01-07 18:12:38.630] [WARN] access - GET /api/getCate
[2019-01-07 18:12:39.001] [WARN] access - GET /api/getCate
[2019-01-07 18:12:39.421] [WARN] access - GET /api/getCate
[2019-01-07 18:12:39.941] [WARN] access - GET /api/getCate
[2019-01-07 18:12:40.097] [WARN] access - GET /api/getCate
[2019-01-07 18:13:01.882] [WARN] access - GET /api/getCate
[2019-01-07 18:13:02.974] [WARN] access - GET /api/getCate
[2019-01-07 18:17:23.335] [WARN] access - GET /api/account
[2019-01-07 18:17:23.835] [WARN] access - GET /api/account
[2019-01-07 18:17:24.013] [WARN] access - GET /api/account
[2019-01-07 18:17:24.199] [WARN] access - GET /api/account
[2019-01-07 18:17:41.246] [WARN] access - GET /api/getCate
[2019-01-07 18:17:43.097] [WARN] access - GET /api/getCate
[2019-01-07 18:17:43.263] [WARN] access - GET /api/getCate
[2019-01-07 18:17:43.417] [WARN] access - GET /api/getCate
[2019-01-07 18:17:47.581] [WARN] access - GET /api/getCate
[2019-01-07 18:17:47.736] [WARN] access - GET /api/getCate
[2019-01-07 18:17:55.229] [WARN] access - GET /api/getCate
[2019-01-07 18:17:55.599] [WARN] access - GET /api/getCate
[2019-01-07 18:17:56.069] [WARN] access - GET /api/getCate
[2019-01-07 18:18:26.000] [INFO] access - GET /api/getCate?cateId=1
[2019-01-07 18:18:32.490] [WARN] access - GET /api/getCate?cateId=1
[2019-01-07 18:18:32.937] [WARN] access - GET /api/getCate?cateId=1
[2019-01-07 18:26:23.683] [INFO] access - GET /api/getCate?cateId=1
[2019-01-07 18:26:24.903] [WARN] access - GET /api/getCate?cateId=1
[2019-01-07 18:27:48.570] [WARN] access - GET /api/getCate?cateId=1
[2019-01-07 18:27:49.295] [WARN] access - GET /api/getCate?cateId=1
[2019-01-07 18:28:22.263] [INFO] access - GET /api/getCate?cateId=1
[2019-01-07 18:28:22.387] [WARN] access - GET /api/getCate?cateId=1
[2019-01-07 18:28:33.738] [WARN] access - GET /api/getCate?cateId=1
[2019-01-07 18:28:33.892] [WARN] access - GET /api/getCate?cateId=1
[2019-01-07 18:28:34.051] [WARN] access - GET /api/getCate?cateId=1
[2019-01-07 18:31:13.398] [WARN] access - GET /api/getCate?cateId=1
[2019-01-07 18:31:42.269] [WARN] access - GET /api/getCate?cateId=1
[2019-01-07 18:32:32.665] [WARN] access - GET /api/getCate?cateId=1
[2019-01-07 18:32:32.998] [WARN] access - GET /api/getCate?cateId=1
[2019-01-07 18:32:33.302] [WARN] access - GET /api/getCate?cateId=1
[2019-01-07 18:32:33.487] [WARN] access - GET /api/getCate?cateId=1
[2019-01-07 18:32:33.637] [WARN] access - GET /api/getCate?cateId=1
[2019-01-07 18:32:33.790] [WARN] access - GET /api/getCate?cateId=1
[2019-01-07 18:35:04.832] [INFO] access - GET /api/getCate?cateId=1
[2019-01-07 18:35:05.803] [WARN] access - GET /api/getCate?cateId=1
[2019-01-07 18:35:06.452] [WARN] access - GET /api/getCate?cateId=1
[2019-01-07 18:35:11.621] [WARN] access - GET /api/getCate?cateId=1
[2019-01-07 18:35:11.761] [WARN] access - GET /api/getCate?cateId=1
[2019-01-07 18:35:11.876] [WARN] access - GET /api/getCate?cateId=1
[2019-01-07 18:35:12.006] [WARN] access - GET /api/getCate?cateId=1
[2019-01-07 18:35:12.151] [WARN] access - GET /api/getCate?cateId=1
[2019-01-07 18:35:12.279] [WARN] access - GET /api/getCate?cateId=1
[2019-01-07 18:35:12.422] [WARN] access - GET /api/getCate?cateId=1
