[2019-01-07 17:00:30.078] [INFO] access - PUT /api/statistics
[2019-01-07 17:00:30.079] [WARN] access - GET /api/dashboard
[2019-01-07 17:00:30.083] [WARN] access - GET /assets/admin/fonts/fontawesome-webfont.woff2?v=4.6.1
[2019-01-07 17:00:30.087] [WARN] access - GET /api/account
[2019-01-07 17:00:30.088] [WARN] access - GET /api/categories
[2019-01-07 17:00:30.112] [WARN] access - GET /api/account
[2019-01-07 17:08:29.679] [INFO] access - PUT /api/statistics
[2019-01-07 17:08:29.685] [WARN] access - GET /api/dashboard
[2019-01-07 17:08:29.689] [WARN] access - GET /assets/admin/fonts/fontawesome-webfont.woff2?v=4.6.1
[2019-01-07 17:08:29.693] [WARN] access - GET /api/account
[2019-01-07 17:08:29.695] [WARN] access - GET /api/categories
[2019-01-07 17:08:29.726] [WARN] access - GET /api/account
[2019-01-07 17:08:35.427] [WARN] access - GET /admin
[2019-01-07 17:08:35.550] [INFO] access - PUT /api/statistics
[2019-01-07 17:08:35.551] [WARN] access - GET /api/dashboard
[2019-01-07 17:08:35.558] [WARN] access - GET /api/account
[2019-01-07 17:08:35.559] [WARN] access - GET /api/categories
[2019-01-07 17:08:35.561] [WARN] access - GET /assets/admin/fonts/fontawesome-webfont.woff2?v=4.6.1
[2019-01-07 17:08:35.579] [WARN] access - GET /api/account
[2019-01-07 17:08:36.058] [WARN] access - GET /admin
[2019-01-07 17:08:36.171] [INFO] access - PUT /api/statistics
[2019-01-07 17:08:36.175] [WARN] access - GET /api/dashboard
[2019-01-07 17:08:36.179] [WARN] access - GET /api/account
[2019-01-07 17:08:36.180] [WARN] access - GET /assets/admin/fonts/fontawesome-webfont.woff2?v=4.6.1
[2019-01-07 17:08:36.182] [WARN] access - GET /api/categories
[2019-01-07 17:08:36.204] [WARN] access - GET /api/account
