[2019-01-07 15:24:44.956] [INFO] access - GET /admin/install
[2019-01-07 15:24:45.066] [INFO] access - GET /assets/admin/main.css
[2019-01-07 15:24:45.216] [INFO] access - GET /assets/admin/vendor.css
[2019-01-07 15:24:45.330] [INFO] access - GET /assets/admin/main.js
[2019-01-07 15:24:45.526] [INFO] access - GET /assets/admin/views.js
[2019-01-07 15:24:45.718] [INFO] access - GET /assets/admin/vendor.js
[2019-01-07 15:24:47.281] [INFO] access - GET /api/install
[2019-01-07 15:24:47.446] [INFO] access - GET /api/install/themes
[2019-01-07 15:24:47.475] [INFO] access - GET /assets/admin/images/logo-lg.png
[2019-01-07 15:24:47.476] [INFO] access - GET /assets/admin/images/sponsor/weixin99.jpg
[2019-01-07 15:24:47.478] [INFO] access - GET /assets/admin/images/sponsor/weixin199.jpg
[2019-01-07 15:24:47.579] [INFO] access - GET /assets/admin/images/sponsor/weixin999.jpg
[2019-01-07 15:24:47.581] [INFO] access - GET /assets/admin/images/sponsor/alipay199.jpg
[2019-01-07 15:24:47.728] [INFO] access - GET /assets/admin/images/sponsor/weixin499.jpg
[2019-01-07 15:24:47.849] [INFO] access - GET /assets/admin/images/sponsor/alipay99.jpg
[2019-01-07 15:24:47.885] [INFO] access - GET /assets/admin/images/sponsor/alipay499.jpg
[2019-01-07 15:24:47.943] [INFO] access - GET /assets/admin/images/sponsor/alipay999.jpg
[2019-01-07 15:25:14.741] [ERROR] access - PUT /api/install/test-database
[2019-01-07 15:25:15.038] [INFO] access - GET /assets/admin/fonts/fontawesome-webfont.woff2?v=4.6.1
[2019-01-07 15:25:26.567] [WARN] access - GET /assets/admin/images/logo-lg.png
[2019-01-07 15:25:26.568] [WARN] access - GET /assets/admin/images/sponsor/weixin99.jpg
[2019-01-07 15:25:26.599] [WARN] access - GET /api/install/themes
[2019-01-07 15:25:26.600] [WARN] access - GET /assets/admin/images/sponsor/weixin199.jpg
[2019-01-07 15:25:26.614] [WARN] access - GET /assets/admin/images/sponsor/weixin999.jpg
[2019-01-07 15:25:26.614] [WARN] access - GET /assets/admin/images/sponsor/weixin499.jpg
[2019-01-07 15:25:26.615] [WARN] access - GET /assets/admin/images/sponsor/alipay99.jpg
[2019-01-07 15:25:26.622] [WARN] access - GET /assets/admin/images/sponsor/alipay199.jpg
[2019-01-07 15:25:26.671] [WARN] access - GET /assets/admin/images/sponsor/alipay499.jpg
[2019-01-07 15:25:26.671] [WARN] access - GET /assets/admin/images/sponsor/alipay999.jpg
[2019-01-07 15:25:42.401] [WARN] access - GET /assets/admin/images/logo-lg.png
[2019-01-07 15:25:42.458] [WARN] access - GET /assets/admin/images/sponsor/weixin99.jpg
[2019-01-07 15:25:42.602] [WARN] access - GET /assets/admin/images/sponsor/weixin499.jpg
[2019-01-07 15:25:42.602] [WARN] access - GET /assets/admin/images/sponsor/weixin199.jpg
[2019-01-07 15:25:42.603] [WARN] access - GET /assets/admin/images/sponsor/alipay199.jpg
[2019-01-07 15:25:42.604] [WARN] access - GET /assets/admin/images/sponsor/weixin999.jpg
[2019-01-07 15:25:42.605] [WARN] access - GET /assets/admin/images/sponsor/alipay99.jpg
[2019-01-07 15:25:42.605] [WARN] access - GET /api/install/themes
[2019-01-07 15:25:42.745] [WARN] access - GET /assets/admin/images/sponsor/alipay999.jpg
[2019-01-07 15:25:43.068] [WARN] access - GET /assets/admin/images/sponsor/alipay499.jpg
[2019-01-07 15:27:29.148] [WARN] access - GET /admin/install
[2019-01-07 15:27:29.301] [WARN] access - GET /assets/admin/vendor.css
[2019-01-07 15:27:29.301] [WARN] access - GET /assets/admin/main.css
[2019-01-07 15:27:29.329] [WARN] access - GET /assets/admin/vendor.js
[2019-01-07 15:27:29.332] [WARN] access - GET /assets/admin/main.js
[2019-01-07 15:27:29.333] [WARN] access - GET /assets/admin/views.js
[2019-01-07 15:27:29.464] [WARN] access - GET /api/install
[2019-01-07 15:27:29.584] [WARN] access - GET /assets/admin/images/logo-lg.png
[2019-01-07 15:27:29.586] [WARN] access - GET /api/install/themes
[2019-01-07 15:27:29.611] [WARN] access - GET /assets/admin/images/sponsor/weixin99.jpg
[2019-01-07 15:27:29.612] [WARN] access - GET /assets/admin/images/sponsor/weixin199.jpg
[2019-01-07 15:27:29.612] [WARN] access - GET /assets/admin/images/sponsor/weixin499.jpg
[2019-01-07 15:27:29.615] [WARN] access - GET /assets/admin/images/sponsor/weixin999.jpg
[2019-01-07 15:27:29.616] [WARN] access - GET /assets/admin/images/sponsor/alipay99.jpg
[2019-01-07 15:27:29.641] [WARN] access - GET /assets/admin/images/sponsor/alipay199.jpg
[2019-01-07 15:27:29.674] [WARN] access - GET /assets/admin/images/sponsor/alipay499.jpg
[2019-01-07 15:27:29.675] [WARN] access - GET /assets/admin/images/sponsor/alipay999.jpg
[2019-01-07 15:37:44.665] [WARN] access - GET /admin/install
[2019-01-07 15:37:44.775] [WARN] access - GET /assets/admin/main.css
[2019-01-07 15:37:44.776] [WARN] access - GET /assets/admin/vendor.js
[2019-01-07 15:37:44.896] [WARN] access - GET /assets/admin/vendor.css
[2019-01-07 15:37:44.898] [WARN] access - GET /assets/admin/views.js
[2019-01-07 15:37:44.900] [WARN] access - GET /assets/admin/main.js
[2019-01-07 15:37:45.042] [WARN] access - GET /api/install
[2019-01-07 15:37:45.136] [WARN] access - GET /api/install/themes
[2019-01-07 15:37:45.176] [WARN] access - GET /assets/admin/images/sponsor/weixin99.jpg
[2019-01-07 15:37:45.177] [WARN] access - GET /assets/admin/images/logo-lg.png
[2019-01-07 15:37:45.178] [WARN] access - GET /assets/admin/images/sponsor/weixin999.jpg
[2019-01-07 15:37:45.178] [WARN] access - GET /assets/admin/images/sponsor/weixin499.jpg
[2019-01-07 15:37:45.179] [WARN] access - GET /assets/admin/images/sponsor/weixin199.jpg
[2019-01-07 15:37:45.206] [WARN] access - GET /assets/admin/images/sponsor/alipay99.jpg
[2019-01-07 15:37:45.219] [WARN] access - GET /assets/admin/images/sponsor/alipay199.jpg
[2019-01-07 15:37:45.220] [WARN] access - GET /assets/admin/images/sponsor/alipay499.jpg
[2019-01-07 15:37:45.240] [WARN] access - GET /assets/admin/images/sponsor/alipay999.jpg
[2019-01-07 15:39:02.557] [WARN] access - GET /admin/install
[2019-01-07 15:39:02.633] [WARN] access - GET /assets/admin/vendor.css
[2019-01-07 15:39:02.634] [WARN] access - GET /assets/admin/main.css
[2019-01-07 15:39:02.656] [WARN] access - GET /assets/admin/vendor.js
[2019-01-07 15:39:02.659] [WARN] access - GET /assets/admin/main.js
[2019-01-07 15:39:02.659] [WARN] access - GET /assets/admin/views.js
[2019-01-07 15:39:02.797] [WARN] access - GET /api/install
[2019-01-07 15:39:02.875] [WARN] access - GET /api/install/themes
[2019-01-07 15:39:02.892] [WARN] access - GET /assets/admin/images/sponsor/weixin99.jpg
[2019-01-07 15:39:02.892] [WARN] access - GET /assets/admin/images/logo-lg.png
[2019-01-07 15:39:02.892] [WARN] access - GET /assets/admin/images/sponsor/weixin199.jpg
[2019-01-07 15:39:02.893] [WARN] access - GET /assets/admin/images/sponsor/weixin499.jpg
[2019-01-07 15:39:02.893] [WARN] access - GET /assets/admin/images/sponsor/weixin999.jpg
[2019-01-07 15:39:02.915] [WARN] access - GET /assets/admin/images/sponsor/alipay99.jpg
[2019-01-07 15:39:02.917] [WARN] access - GET /assets/admin/images/sponsor/alipay199.jpg
[2019-01-07 15:39:02.927] [WARN] access - GET /assets/admin/images/sponsor/alipay999.jpg
[2019-01-07 15:39:02.928] [WARN] access - GET /assets/admin/images/sponsor/alipay499.jpg
[2019-01-07 15:42:31.496] [INFO] access - GET /
[2019-01-07 15:42:32.822] [WARN] access - GET /
[2019-01-07 15:42:33.176] [WARN] access - GET /
[2019-01-07 15:42:33.479] [WARN] access - GET /
[2019-01-07 15:42:52.036] [INFO] access - GET /admin/install
[2019-01-07 15:42:55.202] [WARN] access - GET /admin/install
[2019-01-07 15:42:55.607] [WARN] access - GET /admin/install
[2019-01-07 15:42:55.777] [WARN] access - GET /admin/install
[2019-01-07 15:42:56.301] [WARN] access - GET /admin/install
[2019-01-07 15:42:56.681] [WARN] access - GET /admin/install
[2019-01-07 15:42:57.223] [WARN] access - GET /admin/install
[2019-01-07 15:42:57.588] [WARN] access - GET /admin/install
[2019-01-07 15:43:08.825] [WARN] access - GET /admin/install
[2019-01-07 15:43:08.995] [WARN] access - GET /admin/install
[2019-01-07 15:43:16.106] [WARN] access - GET /admin/install
[2019-01-07 15:43:20.211] [WARN] access - GET /admin/install
[2019-01-07 15:43:20.921] [WARN] access - GET /admin/install
[2019-01-07 15:43:26.459] [WARN] access - GET /
[2019-01-07 15:43:45.818] [WARN] access - GET /admin/install
[2019-01-07 15:43:46.067] [WARN] access - GET /assets/admin/vendor.css
[2019-01-07 15:43:46.074] [WARN] access - GET /assets/admin/main.css
[2019-01-07 15:43:46.106] [WARN] access - GET /assets/admin/vendor.js
[2019-01-07 15:43:46.107] [WARN] access - GET /assets/admin/main.js
[2019-01-07 15:43:46.108] [WARN] access - GET /assets/admin/views.js
[2019-01-07 15:43:46.222] [WARN] access - GET /api/install
[2019-01-07 15:43:46.293] [WARN] access - GET /api/install/themes
[2019-01-07 15:43:46.316] [WARN] access - GET /assets/admin/images/sponsor/weixin99.jpg
[2019-01-07 15:43:46.317] [WARN] access - GET /assets/admin/images/sponsor/weixin199.jpg
[2019-01-07 15:43:46.318] [WARN] access - GET /assets/admin/images/logo-lg.png
[2019-01-07 15:43:46.319] [WARN] access - GET /assets/admin/images/sponsor/weixin499.jpg
[2019-01-07 15:43:46.326] [WARN] access - GET /assets/admin/images/sponsor/weixin999.jpg
[2019-01-07 15:43:46.335] [WARN] access - GET /assets/admin/images/sponsor/alipay99.jpg
[2019-01-07 15:43:46.344] [WARN] access - GET /assets/admin/images/sponsor/alipay199.jpg
[2019-01-07 15:43:46.345] [WARN] access - GET /assets/admin/images/sponsor/alipay499.jpg
[2019-01-07 15:43:46.352] [WARN] access - GET /assets/admin/images/sponsor/alipay999.jpg
[2019-01-07 15:44:01.507] [WARN] access - GET /assets/admin/images/logo-lg.png
[2019-01-07 15:44:01.597] [WARN] access - GET /assets/admin/images/sponsor/weixin99.jpg
[2019-01-07 15:44:01.598] [WARN] access - GET /assets/admin/images/sponsor/weixin199.jpg
[2019-01-07 15:44:01.599] [WARN] access - GET /assets/admin/images/sponsor/weixin499.jpg
[2019-01-07 15:44:01.599] [WARN] access - GET /assets/admin/images/sponsor/weixin999.jpg
[2019-01-07 15:44:01.600] [WARN] access - GET /assets/admin/images/sponsor/alipay99.jpg
[2019-01-07 15:44:01.643] [WARN] access - GET /assets/admin/images/sponsor/alipay199.jpg
[2019-01-07 15:44:01.644] [WARN] access - GET /assets/admin/images/sponsor/alipay499.jpg
[2019-01-07 15:44:01.653] [WARN] access - GET /assets/admin/images/sponsor/alipay999.jpg
[2019-01-07 15:44:01.843] [WARN] access - GET /api/install/themes
[2019-01-07 15:44:13.524] [WARN] access - GET /admin/install
[2019-01-07 15:44:16.926] [WARN] access - GET /admin/install
[2019-01-07 15:44:17.127] [WARN] access - GET /admin/install
[2019-01-07 15:44:17.325] [WARN] access - GET /admin/install
[2019-01-07 15:44:17.879] [WARN] access - GET /admin/install
[2019-01-07 15:44:18.385] [WARN] access - GET /admin/install
[2019-01-07 15:44:18.937] [WARN] access - GET /admin/install
[2019-01-07 15:44:19.287] [WARN] access - GET /admin/install
[2019-01-07 15:44:19.487] [WARN] access - GET /admin/install
[2019-01-07 15:46:02.869] [INFO] access - GET /admin/install
[2019-01-07 15:46:05.259] [WARN] access - GET /admin/install
[2019-01-07 15:46:06.085] [WARN] access - GET /admin/install
[2019-01-07 15:46:06.610] [WARN] access - GET /admin/install
[2019-01-07 15:46:12.783] [WARN] access - GET /admin/install
[2019-01-07 15:46:27.512] [WARN] access - GET /admin/install
[2019-01-07 15:46:27.776] [WARN] access - GET /assets/admin/vendor.css
[2019-01-07 15:46:27.777] [WARN] access - GET /assets/admin/main.css
[2019-01-07 15:46:27.795] [WARN] access - GET /assets/admin/vendor.js
[2019-01-07 15:46:27.796] [WARN] access - GET /assets/admin/views.js
[2019-01-07 15:46:27.797] [WARN] access - GET /assets/admin/main.js
[2019-01-07 15:46:28.135] [WARN] access - GET /api/install
[2019-01-07 15:46:28.284] [WARN] access - GET /api/install/themes
[2019-01-07 15:46:28.379] [WARN] access - GET /assets/admin/images/sponsor/weixin199.jpg
[2019-01-07 15:46:28.379] [WARN] access - GET /assets/admin/images/sponsor/weixin99.jpg
[2019-01-07 15:46:28.380] [WARN] access - GET /assets/admin/images/logo-lg.png
[2019-01-07 15:46:28.382] [WARN] access - GET /assets/admin/images/sponsor/alipay99.jpg
[2019-01-07 15:46:28.382] [WARN] access - GET /assets/admin/images/sponsor/weixin499.jpg
[2019-01-07 15:46:28.409] [WARN] access - GET /assets/admin/images/sponsor/alipay199.jpg
[2019-01-07 15:46:28.410] [WARN] access - GET /assets/admin/images/sponsor/weixin999.jpg
[2019-01-07 15:46:28.430] [WARN] access - GET /assets/admin/images/sponsor/alipay999.jpg
[2019-01-07 15:46:28.431] [WARN] access - GET /assets/admin/images/sponsor/alipay499.jpg
[2019-01-07 15:52:34.349] [INFO] access - GET /
[2019-01-07 15:52:34.721] [WARN] access - GET /
[2019-01-07 15:52:37.121] [WARN] access - GET /
[2019-01-07 15:54:22.950] [WARN] access - GET /admin/install
[2019-01-07 15:54:24.590] [WARN] access - GET /admin/install
[2019-01-07 15:54:24.834] [WARN] access - GET /assets/admin/vendor.css
[2019-01-07 15:54:24.835] [WARN] access - GET /assets/admin/main.css
[2019-01-07 15:54:24.893] [WARN] access - GET /assets/admin/vendor.js
[2019-01-07 15:54:24.894] [WARN] access - GET /assets/admin/views.js
[2019-01-07 15:54:24.895] [WARN] access - GET /assets/admin/main.js
[2019-01-07 15:54:25.062] [WARN] access - GET /api/install
[2019-01-07 15:54:25.228] [WARN] access - GET /assets/admin/images/logo-lg.png
[2019-01-07 15:54:25.229] [WARN] access - GET /assets/admin/images/sponsor/weixin499.jpg
[2019-01-07 15:54:25.229] [WARN] access - GET /assets/admin/images/sponsor/weixin99.jpg
[2019-01-07 15:54:25.230] [WARN] access - GET /assets/admin/images/sponsor/weixin199.jpg
[2019-01-07 15:54:25.233] [WARN] access - GET /api/install/themes
[2019-01-07 15:54:25.317] [WARN] access - GET /assets/admin/images/sponsor/weixin999.jpg
[2019-01-07 15:54:25.318] [WARN] access - GET /assets/admin/images/sponsor/alipay499.jpg
[2019-01-07 15:54:25.319] [WARN] access - GET /assets/admin/images/sponsor/alipay199.jpg
[2019-01-07 15:54:25.319] [WARN] access - GET /assets/admin/images/sponsor/alipay99.jpg
[2019-01-07 15:54:25.319] [WARN] access - GET /assets/admin/images/sponsor/alipay999.jpg
