[2019-01-07 16:29:20.392] [WARN] access - GET /admin/install
[2019-01-07 16:29:20.513] [WARN] access - GET /assets/admin/vendor.css
[2019-01-07 16:29:20.514] [WARN] access - GET /assets/admin/vendor.js
[2019-01-07 16:29:20.611] [WARN] access - GET /assets/admin/main.css
[2019-01-07 16:29:20.611] [WARN] access - GET /assets/admin/views.js
[2019-01-07 16:29:20.612] [WARN] access - GET /assets/admin/main.js
[2019-01-07 16:29:20.709] [WARN] access - GET /api/install
[2019-01-07 16:29:20.793] [WARN] access - GET /api/install/themes
[2019-01-07 16:29:20.821] [WARN] access - GET /assets/admin/images/sponsor/weixin99.jpg
[2019-01-07 16:29:20.824] [WARN] access - GET /assets/admin/images/logo-lg.png
[2019-01-07 16:29:20.825] [WARN] access - GET /assets/admin/images/sponsor/weixin199.jpg
[2019-01-07 16:29:20.826] [WARN] access - GET /assets/admin/images/sponsor/weixin499.jpg
[2019-01-07 16:29:20.833] [WARN] access - GET /assets/admin/images/sponsor/weixin999.jpg
[2019-01-07 16:29:20.878] [WARN] access - GET /assets/admin/images/sponsor/alipay499.jpg
[2019-01-07 16:29:20.879] [WARN] access - GET /assets/admin/images/sponsor/alipay199.jpg
[2019-01-07 16:29:20.880] [WARN] access - GET /assets/admin/images/sponsor/alipay99.jpg
[2019-01-07 16:29:20.880] [WARN] access - GET /assets/admin/images/sponsor/alipay999.jpg
[2019-01-07 16:29:34.236] [WARN] access - GET /admin/install
[2019-01-07 16:29:34.757] [WARN] access - GET /assets/admin/vendor.css
[2019-01-07 16:29:34.854] [WARN] access - GET /assets/admin/main.css
[2019-01-07 16:29:34.855] [WARN] access - GET /assets/admin/vendor.js
[2019-01-07 16:29:34.856] [WARN] access - GET /assets/admin/main.js
[2019-01-07 16:29:34.857] [WARN] access - GET /assets/admin/views.js
[2019-01-07 16:29:35.311] [WARN] access - GET /api/install
[2019-01-07 16:29:35.516] [WARN] access - GET /api/install/themes
[2019-01-07 16:29:35.543] [WARN] access - GET /assets/admin/images/sponsor/weixin199.jpg
[2019-01-07 16:29:35.543] [WARN] access - GET /assets/admin/images/logo-lg.png
[2019-01-07 16:29:35.544] [WARN] access - GET /assets/admin/images/sponsor/weixin99.jpg
[2019-01-07 16:29:35.545] [WARN] access - GET /assets/admin/images/sponsor/weixin499.jpg
[2019-01-07 16:29:35.548] [WARN] access - GET /assets/admin/images/sponsor/weixin999.jpg
[2019-01-07 16:29:35.565] [WARN] access - GET /assets/admin/images/sponsor/alipay99.jpg
[2019-01-07 16:29:35.569] [WARN] access - GET /assets/admin/images/sponsor/alipay199.jpg
[2019-01-07 16:29:35.573] [WARN] access - GET /assets/admin/images/sponsor/alipay999.jpg
[2019-01-07 16:29:35.574] [WARN] access - GET /assets/admin/images/sponsor/alipay499.jpg
[2019-01-07 16:29:57.638] [INFO] access - PUT /api/install/test-database
[2019-01-07 16:30:32.537] [INFO] access - GET /assets/admin/fonts/fontawesome-webfont.woff2?v=4.6.1
[2019-01-07 16:30:32.632] [INFO] access - POST /api/install
[2019-01-07 16:30:35.550] [INFO] access - GET /api/install
[2019-01-07 16:30:46.113] [INFO] access - PUT /api/account/sign-in
[2019-01-07 16:30:46.235] [INFO] access - GET /api/dashboard
[2019-01-07 16:30:46.289] [INFO] access - PUT /api/statistics
[2019-01-07 16:30:46.293] [INFO] access - GET /api/account
[2019-01-07 16:30:46.294] [INFO] access - GET /assets/admin/images/logo.png
[2019-01-07 16:30:46.298] [INFO] access - GET /api/categories
[2019-01-07 16:30:46.385] [WARN] access - GET /api/account
[2019-01-07 16:31:20.030] [INFO] access - GET /
[2019-01-07 16:31:28.918] [WARN] access - GET /admin/install
[2019-01-07 16:31:28.970] [WARN] access - GET /assets/admin/vendor.css
[2019-01-07 16:31:28.971] [WARN] access - GET /assets/admin/main.css
[2019-01-07 16:31:29.034] [WARN] access - GET /assets/admin/main.js
[2019-01-07 16:31:29.034] [WARN] access - GET /assets/admin/vendor.js
[2019-01-07 16:31:29.035] [WARN] access - GET /assets/admin/views.js
[2019-01-07 16:31:29.169] [WARN] access - GET /api/install
[2019-01-07 16:31:29.396] [WARN] access - GET /api/install
[2019-01-07 16:31:29.547] [WARN] access - GET /assets/admin/fonts/fontawesome-webfont.woff2?v=4.6.1
[2019-01-07 16:31:29.554] [WARN] access - GET /assets/admin/images/logo-lg.png
[2019-01-07 16:31:34.403] [INFO] access - PUT /api/account/sign-in
[2019-01-07 16:31:34.488] [INFO] access - PUT /api/statistics
[2019-01-07 16:31:34.489] [WARN] access - GET /api/dashboard
[2019-01-07 16:31:34.532] [WARN] access - GET /assets/admin/images/sponsor/weixin99.jpg
[2019-01-07 16:31:34.532] [WARN] access - GET /assets/admin/images/logo.png
[2019-01-07 16:31:34.533] [WARN] access - GET /api/account
[2019-01-07 16:31:34.533] [WARN] access - GET /api/categories
[2019-01-07 16:31:34.833] [WARN] access - GET /assets/admin/images/sponsor/weixin199.jpg
[2019-01-07 16:31:34.889] [WARN] access - GET /assets/admin/images/sponsor/weixin999.jpg
[2019-01-07 16:31:34.890] [WARN] access - GET /assets/admin/images/sponsor/weixin499.jpg
[2019-01-07 16:31:34.890] [WARN] access - GET /assets/admin/images/sponsor/alipay99.jpg
[2019-01-07 16:31:34.892] [WARN] access - GET /assets/admin/images/sponsor/alipay199.jpg
[2019-01-07 16:31:34.894] [WARN] access - GET /api/account
[2019-01-07 16:31:34.920] [WARN] access - GET /assets/admin/images/sponsor/alipay499.jpg
[2019-01-07 16:31:35.044] [WARN] access - GET /assets/admin/images/sponsor/alipay999.jpg
[2019-01-07 16:32:37.239] [INFO] access - GET /getCate?cateid=1
[2019-01-07 16:33:29.520] [INFO] access - GET /getCate?cateid=1
[2019-01-07 16:39:27.569] [INFO] access - GET /getCate?cateid=1
[2019-01-07 16:39:50.155] [INFO] access - GET /getCate?cateid=1
[2019-01-07 16:39:58.815] [ERROR] access - POST /gettoken
[2019-01-07 16:40:01.463] [ERROR] access - POST /userInfo
[2019-01-07 16:40:06.826] [INFO] access - GET /getuserinfo?userid=undefined
[2019-01-07 16:40:23.210] [INFO] access - GET /getCate?cateid=1
[2019-01-07 16:40:38.730] [INFO] access - GET /getCate?cateid=1
[2019-01-07 16:41:05.423] [INFO] access - GET /admin
[2019-01-07 16:41:05.601] [WARN] access - GET /assets/admin/vendor.css
[2019-01-07 16:41:05.601] [WARN] access - GET /assets/admin/main.css
[2019-01-07 16:41:05.615] [WARN] access - GET /assets/admin/vendor.js
[2019-01-07 16:41:05.619] [WARN] access - GET /assets/admin/main.js
[2019-01-07 16:41:05.619] [WARN] access - GET /assets/admin/views.js
[2019-01-07 16:41:05.756] [WARN] access - GET /assets/admin/images/sponsor/weixin99.jpg
[2019-01-07 16:41:05.758] [WARN] access - GET /assets/admin/images/sponsor/weixin199.jpg
[2019-01-07 16:41:05.760] [WARN] access - GET /assets/admin/images/sponsor/weixin999.jpg
[2019-01-07 16:41:05.762] [WARN] access - GET /assets/admin/images/sponsor/weixin499.jpg
[2019-01-07 16:41:05.763] [WARN] access - GET /assets/admin/images/sponsor/alipay99.jpg
[2019-01-07 16:41:05.773] [WARN] access - GET /assets/admin/images/sponsor/alipay199.jpg
[2019-01-07 16:41:05.779] [WARN] access - GET /assets/admin/images/sponsor/alipay499.jpg
[2019-01-07 16:41:05.781] [WARN] access - GET /assets/admin/images/sponsor/alipay999.jpg
[2019-01-07 16:41:05.783] [WARN] access - GET /assets/admin/images/logo.png
[2019-01-07 16:41:05.813] [INFO] access - PUT /api/statistics
[2019-01-07 16:41:05.813] [WARN] access - GET /api/dashboard
[2019-01-07 16:41:05.819] [WARN] access - GET /api/account
[2019-01-07 16:41:05.820] [WARN] access - GET /api/categories
[2019-01-07 16:41:05.834] [WARN] access - GET /assets/admin/fonts/fontawesome-webfont.woff2?v=4.6.1
[2019-01-07 16:41:05.839] [WARN] access - GET /api/account
[2019-01-07 16:41:19.641] [INFO] access - PUT /api/statistics
[2019-01-07 16:46:15.087] [INFO] access - GET /
[2019-01-07 16:46:53.205] [INFO] access - GET /api
[2019-01-07 16:46:53.288] [INFO] access - GET /themes/default/assets/css/main.css
[2019-01-07 16:46:53.312] [INFO] access - GET /themes/default/assets/css/bootstrap.min.css
[2019-01-07 16:46:53.320] [INFO] access - GET /themes/default/assets/img/logo.png
[2019-01-07 16:46:53.320] [INFO] access - GET /themes/default/assets/js/bootstrap.min.js
[2019-01-07 16:46:53.332] [INFO] access - GET /themes/default/assets/js/jquery-2.2.1.min.js
[2019-01-07 16:47:02.988] [WARN] access - GET /
[2019-01-07 16:48:10.221] [WARN] access - GET /admin/install
[2019-01-07 16:48:10.258] [WARN] access - GET /assets/admin/vendor.css
[2019-01-07 16:48:10.260] [WARN] access - GET /assets/admin/main.css
[2019-01-07 16:48:10.277] [WARN] access - GET /assets/admin/vendor.js
[2019-01-07 16:48:10.278] [WARN] access - GET /assets/admin/main.js
[2019-01-07 16:48:10.278] [WARN] access - GET /assets/admin/views.js
[2019-01-07 16:48:10.464] [WARN] access - GET /api/install
[2019-01-07 16:48:10.491] [WARN] access - GET /api/install
[2019-01-07 16:48:10.561] [WARN] access - GET /assets/admin/fonts/fontawesome-webfont.woff2?v=4.6.1
[2019-01-07 16:48:10.564] [WARN] access - GET /assets/admin/images/logo-lg.png
[2019-01-07 16:48:17.030] [INFO] access - GET /
[2019-01-07 16:48:17.074] [WARN] access - GET /themes/default/assets/css/main.css
[2019-01-07 16:48:17.074] [WARN] access - GET /themes/default/assets/css/bootstrap.min.css
[2019-01-07 16:48:17.085] [WARN] access - GET /themes/default/assets/js/jquery-2.2.1.min.js
[2019-01-07 16:48:17.088] [WARN] access - GET /themes/default/assets/js/bootstrap.min.js
[2019-01-07 16:48:17.089] [WARN] access - GET /themes/default/assets/img/logo.png
[2019-01-07 16:49:56.806] [WARN] access - GET /
[2019-01-07 16:49:56.868] [WARN] access - GET /themes/default/assets/css/bootstrap.min.css
[2019-01-07 16:49:56.868] [WARN] access - GET /themes/default/assets/js/jquery-2.2.1.min.js
[2019-01-07 16:49:56.885] [WARN] access - GET /themes/default/assets/css/main.css
[2019-01-07 16:49:56.887] [WARN] access - GET /themes/default/assets/img/logo.png
[2019-01-07 16:49:56.887] [WARN] access - GET /themes/default/assets/js/bootstrap.min.js
[2019-01-07 16:49:57.290] [WARN] access - GET /
[2019-01-07 16:49:57.339] [WARN] access - GET /themes/default/assets/css/bootstrap.min.css
[2019-01-07 16:49:57.342] [WARN] access - GET /themes/default/assets/css/main.css
[2019-01-07 16:49:57.344] [WARN] access - GET /themes/default/assets/js/jquery-2.2.1.min.js
[2019-01-07 16:49:57.345] [WARN] access - GET /themes/default/assets/js/bootstrap.min.js
[2019-01-07 16:49:57.345] [WARN] access - GET /themes/default/assets/img/logo.png
[2019-01-07 16:49:58.127] [WARN] access - GET /
[2019-01-07 16:49:58.170] [WARN] access - GET /themes/default/assets/css/bootstrap.min.css
[2019-01-07 16:49:58.171] [WARN] access - GET /themes/default/assets/css/main.css
[2019-01-07 16:49:58.171] [WARN] access - GET /themes/default/assets/js/bootstrap.min.js
[2019-01-07 16:49:58.171] [WARN] access - GET /themes/default/assets/js/jquery-2.2.1.min.js
[2019-01-07 16:49:58.172] [WARN] access - GET /themes/default/assets/img/logo.png
[2019-01-07 16:50:02.992] [WARN] access - GET /
[2019-01-07 16:50:07.718] [INFO] access - GET /api
[2019-01-07 16:50:24.954] [INFO] access - GET /api/
[2019-01-07 16:50:48.346] [INFO] access - GET /admin/install
[2019-01-07 16:50:52.168] [INFO] access - GET /
[2019-01-07 16:53:37.605] [WARN] access - GET /
[2019-01-07 16:53:38.271] [WARN] access - GET /
[2019-01-07 16:53:56.636] [WARN] access - GET /
[2019-01-07 16:53:56.866] [WARN] access - GET /themes/default/assets/css/main.css
[2019-01-07 16:53:56.867] [WARN] access - GET /themes/default/assets/css/bootstrap.min.css
[2019-01-07 16:53:56.882] [WARN] access - GET /themes/default/assets/js/jquery-2.2.1.min.js
[2019-01-07 16:53:56.883] [WARN] access - GET /themes/default/assets/js/bootstrap.min.js
[2019-01-07 16:53:56.890] [WARN] access - GET /themes/default/assets/img/logo.png
[2019-01-07 16:54:42.116] [WARN] access - GET /
[2019-01-07 16:54:42.176] [WARN] access - GET /themes/default/assets/css/bootstrap.min.css
[2019-01-07 16:54:42.177] [WARN] access - GET /themes/default/assets/css/main.css
[2019-01-07 16:54:42.182] [WARN] access - GET /themes/default/assets/js/jquery-2.2.1.min.js
[2019-01-07 16:54:42.184] [WARN] access - GET /themes/default/assets/js/bootstrap.min.js
[2019-01-07 16:54:42.189] [WARN] access - GET /themes/default/assets/img/logo.png
[2019-01-07 16:55:11.093] [WARN] access - GET /
[2019-01-07 16:55:11.269] [WARN] access - GET /
[2019-01-07 16:55:27.958] [WARN] access - GET /
[2019-01-07 16:55:28.894] [WARN] access - GET /
[2019-01-07 16:55:29.220] [WARN] access - GET /
[2019-01-07 16:55:29.391] [WARN] access - GET /
[2019-01-07 16:55:29.547] [WARN] access - GET /
[2019-01-07 16:55:29.702] [WARN] access - GET /
[2019-01-07 16:55:29.867] [WARN] access - GET /
[2019-01-07 16:55:30.022] [WARN] access - GET /
[2019-01-07 16:55:30.434] [WARN] access - GET /
[2019-01-07 16:55:30.864] [WARN] access - GET /
[2019-01-07 16:55:31.256] [WARN] access - GET /
[2019-01-07 16:55:31.983] [WARN] access - GET /
[2019-01-07 16:55:35.276] [WARN] access - GET /api
[2019-01-07 16:56:04.116] [WARN] access - GET /api
[2019-01-07 16:56:43.689] [WARN] access - GET /api
[2019-01-07 16:56:44.200] [WARN] access - GET /api
[2019-01-07 16:56:44.361] [WARN] access - GET /api
[2019-01-07 16:56:44.518] [WARN] access - GET /api
[2019-01-07 16:56:45.448] [WARN] access - GET /api
[2019-01-07 16:56:46.200] [WARN] access - GET /api
[2019-01-07 16:57:44.515] [WARN] access - GET /api
[2019-01-07 16:57:44.687] [INFO] access - GET /themes/default/assets/css/bootstrap.min.css.map
[2019-01-07 16:57:44.935] [WARN] access - GET /api
[2019-01-07 16:57:45.061] [WARN] access - GET /themes/default/assets/css/bootstrap.min.css.map
[2019-01-07 16:58:22.455] [WARN] access - GET /api
[2019-01-07 16:58:22.810] [WARN] access - GET /api
[2019-01-07 16:58:22.986] [WARN] access - GET /api
[2019-01-07 16:58:23.085] [WARN] access - GET /api
[2019-01-07 16:58:26.418] [WARN] access - GET /
[2019-01-07 16:58:32.558] [WARN] access - GET /admin/install
[2019-01-07 16:58:32.862] [INFO] access - GET /api/install
[2019-01-07 16:58:32.887] [WARN] access - GET /api/install
[2019-01-07 16:58:36.293] [INFO] access - PUT /api/statistics
[2019-01-07 16:58:36.298] [INFO] access - GET /api/dashboard
[2019-01-07 16:58:36.302] [INFO] access - GET /api/account
[2019-01-07 16:58:36.303] [INFO] access - GET /api/account
[2019-01-07 16:58:36.304] [INFO] access - GET /api/categories
[2019-01-07 16:58:36.304] [WARN] access - GET /assets/admin/fonts/fontawesome-webfont.woff2?v=4.6.1
[2019-01-07 16:58:42.194] [WARN] access - GET /admin
[2019-01-07 16:58:42.327] [INFO] access - PUT /api/statistics
[2019-01-07 16:58:42.332] [WARN] access - GET /api/dashboard
[2019-01-07 16:58:42.334] [WARN] access - GET /api/account
[2019-01-07 16:58:42.337] [WARN] access - GET /api/categories
[2019-01-07 16:58:42.338] [WARN] access - GET /assets/admin/fonts/fontawesome-webfont.woff2?v=4.6.1
[2019-01-07 16:58:42.366] [WARN] access - GET /api/account
