[2019-01-07 15:24:37.313] [INFO] system - 正在监听 port 3000
[2019-01-07 15:27:27.970] [INFO] system - 正在监听 port 3000
[2019-01-07 15:42:30.099] [INFO] system - 正在监听 port 3000
[2019-01-07 15:43:19.428] [INFO] system - 正在监听 port 3000
[2019-01-07 15:46:00.593] [INFO] system - 正在监听 port 3000
[2019-01-07 15:48:11.632] [INFO] system - 正在监听 port 12742
[2019-01-07 15:49:26.485] [ERROR] system - port 443 已被使用
[2019-01-07 15:50:23.914] [INFO] system - 正在监听 port 3000
[2019-01-07 15:52:33.347] [INFO] system - 正在监听 port 3000
[2019-01-07 15:54:21.351] [INFO] system - 正在监听 port 3000
[2019-01-07 16:28:17.239] [ERROR] system - port 3000 已被使用
[2019-01-07 16:28:27.388] [ERROR] system - port 3000 已被使用
[2019-01-07 16:29:32.215] [INFO] system - 正在监听 port 3000
[2019-01-07 16:30:32.631] [INFO] system - /home/wwwroot/eduwxapp.p8games.com/express/core/controllers NoderCMS 成功安装
[2019-01-07 17:00:28.501] [INFO] system - 正在监听 port 3000
[2019-01-07 17:08:28.153] [INFO] system - 正在监听 port 3000
[2019-01-07 17:34:42.371] [INFO] system - 正在监听 port 3000
[2019-01-07 17:36:31.386] [INFO] system - 正在监听 port 3000
[2019-01-07 17:47:48.213] [INFO] system - 正在监听 port 3000
[2019-01-07 17:52:14.525] [INFO] system - 正在监听 port 3000
[2019-01-07 17:59:32.613] [INFO] system - 正在监听 port 3000
[2019-01-07 17:59:40.411] [ERROR] system - /Users/travis/Documents/GitHub/eduserver/core/controllers/features.controller.js 参数验证失败 [ { param: 'model', message: 'model 不能为空', value: undefined },
  { param: 'model', message: 'model 需为 mongoId', value: undefined },
  { param: 'sort', message: 'sort 不能为空', value: undefined },
  { param: 'sort', message: 'sort 需为数字', value: undefined },
  { param: 'title', message: 'title 不能为空', value: undefined },
  { param: 'title', message: 'title 需为字符串', value: undefined } ]
[2019-01-07 17:59:43.061] [ERROR] system - /Users/travis/Documents/GitHub/eduserver/core/controllers/features.controller.js 参数验证失败 [ { param: 'model', message: 'model 不能为空', value: undefined },
  { param: 'model', message: 'model 需为 mongoId', value: undefined },
  { param: 'sort', message: 'sort 不能为空', value: undefined },
  { param: 'sort', message: 'sort 需为数字', value: undefined },
  { param: 'title', message: 'title 不能为空', value: undefined },
  { param: 'title', message: 'title 需为字符串', value: undefined } ]
[2019-01-07 17:59:43.733] [ERROR] system - /Users/travis/Documents/GitHub/eduserver/core/controllers/features.controller.js 参数验证失败 [ { param: 'model', message: 'model 不能为空', value: undefined },
  { param: 'model', message: 'model 需为 mongoId', value: undefined },
  { param: 'sort', message: 'sort 不能为空', value: undefined },
  { param: 'sort', message: 'sort 需为数字', value: undefined },
  { param: 'title', message: 'title 不能为空', value: undefined },
  { param: 'title', message: 'title 需为字符串', value: undefined } ]
[2019-01-07 17:59:44.129] [ERROR] system - /Users/travis/Documents/GitHub/eduserver/core/controllers/features.controller.js 参数验证失败 [ { param: 'model', message: 'model 不能为空', value: undefined },
  { param: 'model', message: 'model 需为 mongoId', value: undefined },
  { param: 'sort', message: 'sort 不能为空', value: undefined },
  { param: 'sort', message: 'sort 需为数字', value: undefined },
  { param: 'title', message: 'title 不能为空', value: undefined },
  { param: 'title', message: 'title 需为字符串', value: undefined } ]
[2019-01-07 18:00:16.575] [INFO] system - 正在监听 port 3000
[2019-01-07 18:08:26.218] [INFO] system - 正在监听 port 3000
[2019-01-07 18:08:53.276] [ERROR] system - /Users/travis/Documents/GitHub/eduserver/core/controllers/features.controller.js 参数验证失败 [ { param: 'model', message: 'model 不能为空', value: undefined },
  { param: 'model', message: 'model 需为 mongoId', value: undefined },
  { param: 'sort', message: 'sort 不能为空', value: undefined },
  { param: 'sort', message: 'sort 需为数字', value: undefined },
  { param: 'title', message: 'title 不能为空', value: undefined },
  { param: 'title', message: 'title 需为字符串', value: undefined } ]
[2019-01-07 18:08:55.449] [ERROR] system - /Users/travis/Documents/GitHub/eduserver/core/controllers/features.controller.js 参数验证失败 [ { param: 'model', message: 'model 不能为空', value: undefined },
  { param: 'model', message: 'model 需为 mongoId', value: undefined },
  { param: 'sort', message: 'sort 不能为空', value: undefined },
  { param: 'sort', message: 'sort 需为数字', value: undefined },
  { param: 'title', message: 'title 不能为空', value: undefined },
  { param: 'title', message: 'title 需为字符串', value: undefined } ]
[2019-01-07 18:08:55.834] [ERROR] system - /Users/travis/Documents/GitHub/eduserver/core/controllers/features.controller.js 参数验证失败 [ { param: 'model', message: 'model 不能为空', value: undefined },
  { param: 'model', message: 'model 需为 mongoId', value: undefined },
  { param: 'sort', message: 'sort 不能为空', value: undefined },
  { param: 'sort', message: 'sort 需为数字', value: undefined },
  { param: 'title', message: 'title 不能为空', value: undefined },
  { param: 'title', message: 'title 需为字符串', value: undefined } ]
[2019-01-07 18:08:56.006] [ERROR] system - /Users/travis/Documents/GitHub/eduserver/core/controllers/features.controller.js 参数验证失败 [ { param: 'model', message: 'model 不能为空', value: undefined },
  { param: 'model', message: 'model 需为 mongoId', value: undefined },
  { param: 'sort', message: 'sort 不能为空', value: undefined },
  { param: 'sort', message: 'sort 需为数字', value: undefined },
  { param: 'title', message: 'title 不能为空', value: undefined },
  { param: 'title', message: 'title 需为字符串', value: undefined } ]
[2019-01-07 18:08:56.148] [ERROR] system - /Users/travis/Documents/GitHub/eduserver/core/controllers/features.controller.js 参数验证失败 [ { param: 'model', message: 'model 不能为空', value: undefined },
  { param: 'model', message: 'model 需为 mongoId', value: undefined },
  { param: 'sort', message: 'sort 不能为空', value: undefined },
  { param: 'sort', message: 'sort 需为数字', value: undefined },
  { param: 'title', message: 'title 不能为空', value: undefined },
  { param: 'title', message: 'title 需为字符串', value: undefined } ]
[2019-01-07 18:08:56.574] [ERROR] system - /Users/travis/Documents/GitHub/eduserver/core/controllers/features.controller.js 参数验证失败 [ { param: 'model', message: 'model 不能为空', value: undefined },
  { param: 'model', message: 'model 需为 mongoId', value: undefined },
  { param: 'sort', message: 'sort 不能为空', value: undefined },
  { param: 'sort', message: 'sort 需为数字', value: undefined },
  { param: 'title', message: 'title 不能为空', value: undefined },
  { param: 'title', message: 'title 需为字符串', value: undefined } ]
[2019-01-07 18:08:56.949] [ERROR] system - /Users/travis/Documents/GitHub/eduserver/core/controllers/features.controller.js 参数验证失败 [ { param: 'model', message: 'model 不能为空', value: undefined },
  { param: 'model', message: 'model 需为 mongoId', value: undefined },
  { param: 'sort', message: 'sort 不能为空', value: undefined },
  { param: 'sort', message: 'sort 需为数字', value: undefined },
  { param: 'title', message: 'title 不能为空', value: undefined },
  { param: 'title', message: 'title 需为字符串', value: undefined } ]
[2019-01-07 18:08:57.124] [ERROR] system - /Users/travis/Documents/GitHub/eduserver/core/controllers/features.controller.js 参数验证失败 [ { param: 'model', message: 'model 不能为空', value: undefined },
  { param: 'model', message: 'model 需为 mongoId', value: undefined },
  { param: 'sort', message: 'sort 不能为空', value: undefined },
  { param: 'sort', message: 'sort 需为数字', value: undefined },
  { param: 'title', message: 'title 不能为空', value: undefined },
  { param: 'title', message: 'title 需为字符串', value: undefined } ]
[2019-01-07 18:08:58.426] [ERROR] system - /Users/travis/Documents/GitHub/eduserver/core/controllers/features.controller.js 参数验证失败 [ { param: 'model', message: 'model 不能为空', value: undefined },
  { param: 'model', message: 'model 需为 mongoId', value: undefined },
  { param: 'sort', message: 'sort 不能为空', value: undefined },
  { param: 'sort', message: 'sort 需为数字', value: undefined },
  { param: 'title', message: 'title 不能为空', value: undefined },
  { param: 'title', message: 'title 需为字符串', value: undefined } ]
[2019-01-07 18:08:59.061] [ERROR] system - /Users/travis/Documents/GitHub/eduserver/core/controllers/features.controller.js 参数验证失败 [ { param: 'model', message: 'model 不能为空', value: undefined },
  { param: 'model', message: 'model 需为 mongoId', value: undefined },
  { param: 'sort', message: 'sort 不能为空', value: undefined },
  { param: 'sort', message: 'sort 需为数字', value: undefined },
  { param: 'title', message: 'title 不能为空', value: undefined },
  { param: 'title', message: 'title 需为字符串', value: undefined } ]
[2019-01-07 18:09:26.970] [ERROR] system - /Users/travis/Documents/GitHub/eduserver/core/controllers/features.controller.js 参数验证失败 [ { param: 'model', message: 'model 不能为空', value: undefined },
  { param: 'model', message: 'model 需为 mongoId', value: undefined },
  { param: 'sort', message: 'sort 不能为空', value: undefined },
  { param: 'sort', message: 'sort 需为数字', value: undefined },
  { param: 'title', message: 'title 不能为空', value: undefined },
  { param: 'title', message: 'title 需为字符串', value: undefined } ]
[2019-01-07 18:09:52.894] [INFO] system - 正在监听 port 3000
[2019-01-07 18:10:35.548] [INFO] system - 正在监听 port 3000
[2019-01-07 18:12:26.228] [INFO] system - 正在监听 port 3000
[2019-01-07 18:13:00.389] [INFO] system - 正在监听 port 3000
[2019-01-07 18:15:14.696] [INFO] system - 正在监听 port 3000
[2019-01-07 18:17:12.954] [INFO] system - 正在监听 port 3000
[2019-01-07 18:26:21.047] [INFO] system - 正在监听 port 3000
[2019-01-07 18:27:47.196] [INFO] system - 正在监听 port 3000
[2019-01-07 18:28:20.841] [INFO] system - 正在监听 port 3000
[2019-01-07 18:31:10.831] [INFO] system - 正在监听 port 3000
[2019-01-07 18:31:13.376] [ERROR] system - { inspect: [Function: inspect] }
[2019-01-07 18:31:22.704] [INFO] system - 正在监听 port 3000
[2019-01-07 18:31:40.895] [INFO] system - 正在监听 port 3000
[2019-01-07 18:32:31.367] [INFO] system - 正在监听 port 3000
[2019-01-07 18:33:47.572] [INFO] system - 正在监听 port 3000
[2019-01-07 18:35:03.806] [INFO] system - 正在监听 port 3000
