[2019-01-07 15:25:14.737] [ERROR] console - (node:9480) DeprecationWarning: `open()` is deprecated in mongoose >= 4.11.0, use `openUri()` instead, or set the `useMongoClient` option if using `connect()` or `createConnection()`. See http://mongoosejs.com/docs/connections.html#use-mongo-client
[2019-01-07 15:25:14.741] [ERROR] access - PUT /api/install/test-database
[2019-01-07 15:49:26.485] [ERROR] system - port 443 已被使用
[2019-01-07 16:28:17.239] [ERROR] system - port 3000 已被使用
[2019-01-07 16:28:27.388] [ERROR] system - port 3000 已被使用
[2019-01-07 16:29:57.614] [ERROR] console - (node:10510) DeprecationWarning: `open()` is deprecated in mongoose >= 4.11.0, use `openUri()` instead, or set the `useMongoClient` option if using `connect()` or `createConnection()`. See http://mongoosejs.com/docs/connections.html#use-mongo-client
[2019-01-07 16:39:58.815] [ERROR] access - POST /gettoken
[2019-01-07 16:40:01.463] [ERROR] access - POST /userInfo
[2019-01-07 17:00:28.445] [ERROR] console - (node:10696) DeprecationWarning: `open()` is deprecated in mongoose >= 4.11.0, use `openUri()` instead, or set the `useMongoClient` option if using `connect()` or `createConnection()`. See http://mongoosejs.com/docs/connections.html#use-mongo-client
[2019-01-07 17:08:28.092] [ERROR] console - (node:10752) DeprecationWarning: `open()` is deprecated in mongoose >= 4.11.0, use `openUri()` instead, or set the `useMongoClient` option if using `connect()` or `createConnection()`. See http://mongoosejs.com/docs/connections.html#use-mongo-client
[2019-01-07 17:20:01.811] [ERROR] console - (node:56734) DeprecationWarning: `open()` is deprecated in mongoose >= 4.11.0, use `openUri()` instead, or set the `useMongoClient` option if using `connect()` or `createConnection()`. See http://mongoosejs.com/docs/connections.html#use-mongo-client
[2019-01-07 17:21:12.361] [ERROR] console - (node:56917) DeprecationWarning: `open()` is deprecated in mongoose >= 4.11.0, use `openUri()` instead, or set the `useMongoClient` option if using `connect()` or `createConnection()`. See http://mongoosejs.com/docs/connections.html#use-mongo-client
[2019-01-07 17:26:38.899] [ERROR] console - (node:58356) DeprecationWarning: `open()` is deprecated in mongoose >= 4.11.0, use `openUri()` instead, or set the `useMongoClient` option if using `connect()` or `createConnection()`. See http://mongoosejs.com/docs/connections.html#use-mongo-client
[2019-01-07 17:28:01.993] [ERROR] console - (node:58519) DeprecationWarning: `open()` is deprecated in mongoose >= 4.11.0, use `openUri()` instead, or set the `useMongoClient` option if using `connect()` or `createConnection()`. See http://mongoosejs.com/docs/connections.html#use-mongo-client
[2019-01-07 17:34:42.228] [ERROR] console - (node:59454) DeprecationWarning: `open()` is deprecated in mongoose >= 4.11.0, use `openUri()` instead, or set the `useMongoClient` option if using `connect()` or `createConnection()`. See http://mongoosejs.com/docs/connections.html#use-mongo-client
[2019-01-07 17:36:31.256] [ERROR] console - (node:59929) DeprecationWarning: `open()` is deprecated in mongoose >= 4.11.0, use `openUri()` instead, or set the `useMongoClient` option if using `connect()` or `createConnection()`. See http://mongoosejs.com/docs/connections.html#use-mongo-client
[2019-01-07 17:47:48.096] [ERROR] console - (node:60491) DeprecationWarning: `open()` is deprecated in mongoose >= 4.11.0, use `openUri()` instead, or set the `useMongoClient` option if using `connect()` or `createConnection()`. See http://mongoosejs.com/docs/connections.html#use-mongo-client
[2019-01-07 17:52:14.431] [ERROR] console - (node:60677) DeprecationWarning: `open()` is deprecated in mongoose >= 4.11.0, use `openUri()` instead, or set the `useMongoClient` option if using `connect()` or `createConnection()`. See http://mongoosejs.com/docs/connections.html#use-mongo-client
[2019-01-07 17:59:32.478] [ERROR] console - (node:61654) DeprecationWarning: `open()` is deprecated in mongoose >= 4.11.0, use `openUri()` instead, or set the `useMongoClient` option if using `connect()` or `createConnection()`. See http://mongoosejs.com/docs/connections.html#use-mongo-client
[2019-01-07 17:59:40.411] [ERROR] system - /Users/travis/Documents/GitHub/eduserver/core/controllers/features.controller.js 参数验证失败 [ { param: 'model', message: 'model 不能为空', value: undefined },
  { param: 'model', message: 'model 需为 mongoId', value: undefined },
  { param: 'sort', message: 'sort 不能为空', value: undefined },
  { param: 'sort', message: 'sort 需为数字', value: undefined },
  { param: 'title', message: 'title 不能为空', value: undefined },
  { param: 'title', message: 'title 需为字符串', value: undefined } ]
[2019-01-07 17:59:40.443] [ERROR] access - GET /api/wechatoauth
[2019-01-07 17:59:43.061] [ERROR] system - /Users/travis/Documents/GitHub/eduserver/core/controllers/features.controller.js 参数验证失败 [ { param: 'model', message: 'model 不能为空', value: undefined },
  { param: 'model', message: 'model 需为 mongoId', value: undefined },
  { param: 'sort', message: 'sort 不能为空', value: undefined },
  { param: 'sort', message: 'sort 需为数字', value: undefined },
  { param: 'title', message: 'title 不能为空', value: undefined },
  { param: 'title', message: 'title 需为字符串', value: undefined } ]
[2019-01-07 17:59:43.064] [ERROR] access - GET /api/wechatoauth
[2019-01-07 17:59:43.733] [ERROR] system - /Users/travis/Documents/GitHub/eduserver/core/controllers/features.controller.js 参数验证失败 [ { param: 'model', message: 'model 不能为空', value: undefined },
  { param: 'model', message: 'model 需为 mongoId', value: undefined },
  { param: 'sort', message: 'sort 不能为空', value: undefined },
  { param: 'sort', message: 'sort 需为数字', value: undefined },
  { param: 'title', message: 'title 不能为空', value: undefined },
  { param: 'title', message: 'title 需为字符串', value: undefined } ]
[2019-01-07 17:59:43.736] [ERROR] access - GET /api/wechatoauth
[2019-01-07 17:59:44.129] [ERROR] system - /Users/travis/Documents/GitHub/eduserver/core/controllers/features.controller.js 参数验证失败 [ { param: 'model', message: 'model 不能为空', value: undefined },
  { param: 'model', message: 'model 需为 mongoId', value: undefined },
  { param: 'sort', message: 'sort 不能为空', value: undefined },
  { param: 'sort', message: 'sort 需为数字', value: undefined },
  { param: 'title', message: 'title 不能为空', value: undefined },
  { param: 'title', message: 'title 需为字符串', value: undefined } ]
[2019-01-07 17:59:44.132] [ERROR] access - GET /api/wechatoauth
[2019-01-07 18:00:16.448] [ERROR] console - (node:61924) DeprecationWarning: `open()` is deprecated in mongoose >= 4.11.0, use `openUri()` instead, or set the `useMongoClient` option if using `connect()` or `createConnection()`. See http://mongoosejs.com/docs/connections.html#use-mongo-client
[2019-01-07 18:08:26.091] [ERROR] console - (node:62446) DeprecationWarning: `open()` is deprecated in mongoose >= 4.11.0, use `openUri()` instead, or set the `useMongoClient` option if using `connect()` or `createConnection()`. See http://mongoosejs.com/docs/connections.html#use-mongo-client
[2019-01-07 18:08:53.276] [ERROR] system - /Users/travis/Documents/GitHub/eduserver/core/controllers/features.controller.js 参数验证失败 [ { param: 'model', message: 'model 不能为空', value: undefined },
  { param: 'model', message: 'model 需为 mongoId', value: undefined },
  { param: 'sort', message: 'sort 不能为空', value: undefined },
  { param: 'sort', message: 'sort 需为数字', value: undefined },
  { param: 'title', message: 'title 不能为空', value: undefined },
  { param: 'title', message: 'title 需为字符串', value: undefined } ]
[2019-01-07 18:08:53.284] [ERROR] access - GET /api/getCate
[2019-01-07 18:08:55.449] [ERROR] system - /Users/travis/Documents/GitHub/eduserver/core/controllers/features.controller.js 参数验证失败 [ { param: 'model', message: 'model 不能为空', value: undefined },
  { param: 'model', message: 'model 需为 mongoId', value: undefined },
  { param: 'sort', message: 'sort 不能为空', value: undefined },
  { param: 'sort', message: 'sort 需为数字', value: undefined },
  { param: 'title', message: 'title 不能为空', value: undefined },
  { param: 'title', message: 'title 需为字符串', value: undefined } ]
[2019-01-07 18:08:55.452] [ERROR] access - GET /api/getCate
[2019-01-07 18:08:55.834] [ERROR] system - /Users/travis/Documents/GitHub/eduserver/core/controllers/features.controller.js 参数验证失败 [ { param: 'model', message: 'model 不能为空', value: undefined },
  { param: 'model', message: 'model 需为 mongoId', value: undefined },
  { param: 'sort', message: 'sort 不能为空', value: undefined },
  { param: 'sort', message: 'sort 需为数字', value: undefined },
  { param: 'title', message: 'title 不能为空', value: undefined },
  { param: 'title', message: 'title 需为字符串', value: undefined } ]
[2019-01-07 18:08:55.838] [ERROR] access - GET /api/getCate
[2019-01-07 18:08:56.006] [ERROR] system - /Users/travis/Documents/GitHub/eduserver/core/controllers/features.controller.js 参数验证失败 [ { param: 'model', message: 'model 不能为空', value: undefined },
  { param: 'model', message: 'model 需为 mongoId', value: undefined },
  { param: 'sort', message: 'sort 不能为空', value: undefined },
  { param: 'sort', message: 'sort 需为数字', value: undefined },
  { param: 'title', message: 'title 不能为空', value: undefined },
  { param: 'title', message: 'title 需为字符串', value: undefined } ]
[2019-01-07 18:08:56.008] [ERROR] access - GET /api/getCate
[2019-01-07 18:08:56.148] [ERROR] system - /Users/travis/Documents/GitHub/eduserver/core/controllers/features.controller.js 参数验证失败 [ { param: 'model', message: 'model 不能为空', value: undefined },
  { param: 'model', message: 'model 需为 mongoId', value: undefined },
  { param: 'sort', message: 'sort 不能为空', value: undefined },
  { param: 'sort', message: 'sort 需为数字', value: undefined },
  { param: 'title', message: 'title 不能为空', value: undefined },
  { param: 'title', message: 'title 需为字符串', value: undefined } ]
[2019-01-07 18:08:56.151] [ERROR] access - GET /api/getCate
[2019-01-07 18:08:56.574] [ERROR] system - /Users/travis/Documents/GitHub/eduserver/core/controllers/features.controller.js 参数验证失败 [ { param: 'model', message: 'model 不能为空', value: undefined },
  { param: 'model', message: 'model 需为 mongoId', value: undefined },
  { param: 'sort', message: 'sort 不能为空', value: undefined },
  { param: 'sort', message: 'sort 需为数字', value: undefined },
  { param: 'title', message: 'title 不能为空', value: undefined },
  { param: 'title', message: 'title 需为字符串', value: undefined } ]
[2019-01-07 18:08:56.576] [ERROR] access - GET /api/getCate
[2019-01-07 18:08:56.949] [ERROR] system - /Users/travis/Documents/GitHub/eduserver/core/controllers/features.controller.js 参数验证失败 [ { param: 'model', message: 'model 不能为空', value: undefined },
  { param: 'model', message: 'model 需为 mongoId', value: undefined },
  { param: 'sort', message: 'sort 不能为空', value: undefined },
  { param: 'sort', message: 'sort 需为数字', value: undefined },
  { param: 'title', message: 'title 不能为空', value: undefined },
  { param: 'title', message: 'title 需为字符串', value: undefined } ]
[2019-01-07 18:08:56.953] [ERROR] access - GET /api/getCate
[2019-01-07 18:08:57.124] [ERROR] system - /Users/travis/Documents/GitHub/eduserver/core/controllers/features.controller.js 参数验证失败 [ { param: 'model', message: 'model 不能为空', value: undefined },
  { param: 'model', message: 'model 需为 mongoId', value: undefined },
  { param: 'sort', message: 'sort 不能为空', value: undefined },
  { param: 'sort', message: 'sort 需为数字', value: undefined },
  { param: 'title', message: 'title 不能为空', value: undefined },
  { param: 'title', message: 'title 需为字符串', value: undefined } ]
[2019-01-07 18:08:57.127] [ERROR] access - GET /api/getCate
[2019-01-07 18:08:58.426] [ERROR] system - /Users/travis/Documents/GitHub/eduserver/core/controllers/features.controller.js 参数验证失败 [ { param: 'model', message: 'model 不能为空', value: undefined },
  { param: 'model', message: 'model 需为 mongoId', value: undefined },
  { param: 'sort', message: 'sort 不能为空', value: undefined },
  { param: 'sort', message: 'sort 需为数字', value: undefined },
  { param: 'title', message: 'title 不能为空', value: undefined },
  { param: 'title', message: 'title 需为字符串', value: undefined } ]
[2019-01-07 18:08:58.430] [ERROR] access - GET /api/getCate
[2019-01-07 18:08:59.061] [ERROR] system - /Users/travis/Documents/GitHub/eduserver/core/controllers/features.controller.js 参数验证失败 [ { param: 'model', message: 'model 不能为空', value: undefined },
  { param: 'model', message: 'model 需为 mongoId', value: undefined },
  { param: 'sort', message: 'sort 不能为空', value: undefined },
  { param: 'sort', message: 'sort 需为数字', value: undefined },
  { param: 'title', message: 'title 不能为空', value: undefined },
  { param: 'title', message: 'title 需为字符串', value: undefined } ]
[2019-01-07 18:08:59.064] [ERROR] access - GET /api/getCate
[2019-01-07 18:09:26.970] [ERROR] system - /Users/travis/Documents/GitHub/eduserver/core/controllers/features.controller.js 参数验证失败 [ { param: 'model', message: 'model 不能为空', value: undefined },
  { param: 'model', message: 'model 需为 mongoId', value: undefined },
  { param: 'sort', message: 'sort 不能为空', value: undefined },
  { param: 'sort', message: 'sort 需为数字', value: undefined },
  { param: 'title', message: 'title 不能为空', value: undefined },
  { param: 'title', message: 'title 需为字符串', value: undefined } ]
[2019-01-07 18:09:26.973] [ERROR] access - GET /api/wechatoauth
[2019-01-07 18:09:52.794] [ERROR] console - (node:62524) DeprecationWarning: `open()` is deprecated in mongoose >= 4.11.0, use `openUri()` instead, or set the `useMongoClient` option if using `connect()` or `createConnection()`. See http://mongoosejs.com/docs/connections.html#use-mongo-client
[2019-01-07 18:10:35.443] [ERROR] console - (node:62605) DeprecationWarning: `open()` is deprecated in mongoose >= 4.11.0, use `openUri()` instead, or set the `useMongoClient` option if using `connect()` or `createConnection()`. See http://mongoosejs.com/docs/connections.html#use-mongo-client
[2019-01-07 18:12:25.949] [ERROR] console - (node:62761) DeprecationWarning: `open()` is deprecated in mongoose >= 4.11.0, use `openUri()` instead, or set the `useMongoClient` option if using `connect()` or `createConnection()`. See http://mongoosejs.com/docs/connections.html#use-mongo-client
[2019-01-07 18:13:00.302] [ERROR] console - (node:63104) DeprecationWarning: `open()` is deprecated in mongoose >= 4.11.0, use `openUri()` instead, or set the `useMongoClient` option if using `connect()` or `createConnection()`. See http://mongoosejs.com/docs/connections.html#use-mongo-client
[2019-01-07 18:15:14.602] [ERROR] console - (node:63318) DeprecationWarning: `open()` is deprecated in mongoose >= 4.11.0, use `openUri()` instead, or set the `useMongoClient` option if using `connect()` or `createConnection()`. See http://mongoosejs.com/docs/connections.html#use-mongo-client
[2019-01-07 18:17:12.858] [ERROR] console - (node:63921) DeprecationWarning: `open()` is deprecated in mongoose >= 4.11.0, use `openUri()` instead, or set the `useMongoClient` option if using `connect()` or `createConnection()`. See http://mongoosejs.com/docs/connections.html#use-mongo-client
[2019-01-07 18:26:20.927] [ERROR] console - (node:64852) DeprecationWarning: `open()` is deprecated in mongoose >= 4.11.0, use `openUri()` instead, or set the `useMongoClient` option if using `connect()` or `createConnection()`. See http://mongoosejs.com/docs/connections.html#use-mongo-client
[2019-01-07 18:27:47.079] [ERROR] console - (node:64932) DeprecationWarning: `open()` is deprecated in mongoose >= 4.11.0, use `openUri()` instead, or set the `useMongoClient` option if using `connect()` or `createConnection()`. See http://mongoosejs.com/docs/connections.html#use-mongo-client
[2019-01-07 18:28:20.732] [ERROR] console - (node:64983) DeprecationWarning: `open()` is deprecated in mongoose >= 4.11.0, use `openUri()` instead, or set the `useMongoClient` option if using `connect()` or `createConnection()`. See http://mongoosejs.com/docs/connections.html#use-mongo-client
[2019-01-07 18:31:10.738] [ERROR] console - (node:65462) DeprecationWarning: `open()` is deprecated in mongoose >= 4.11.0, use `openUri()` instead, or set the `useMongoClient` option if using `connect()` or `createConnection()`. See http://mongoosejs.com/docs/connections.html#use-mongo-client
[2019-01-07 18:31:13.376] [ERROR] system - { inspect: [Function: inspect] }
[2019-01-07 18:31:22.615] [ERROR] console - (node:65491) DeprecationWarning: `open()` is deprecated in mongoose >= 4.11.0, use `openUri()` instead, or set the `useMongoClient` option if using `connect()` or `createConnection()`. See http://mongoosejs.com/docs/connections.html#use-mongo-client
[2019-01-07 18:31:40.792] [ERROR] console - (node:65530) DeprecationWarning: `open()` is deprecated in mongoose >= 4.11.0, use `openUri()` instead, or set the `useMongoClient` option if using `connect()` or `createConnection()`. See http://mongoosejs.com/docs/connections.html#use-mongo-client
[2019-01-07 18:32:31.241] [ERROR] console - (node:65589) DeprecationWarning: `open()` is deprecated in mongoose >= 4.11.0, use `openUri()` instead, or set the `useMongoClient` option if using `connect()` or `createConnection()`. See http://mongoosejs.com/docs/connections.html#use-mongo-client
[2019-01-07 18:33:47.470] [ERROR] console - (node:65659) DeprecationWarning: `open()` is deprecated in mongoose >= 4.11.0, use `openUri()` instead, or set the `useMongoClient` option if using `connect()` or `createConnection()`. See http://mongoosejs.com/docs/connections.html#use-mongo-client
[2019-01-07 18:35:03.641] [ERROR] console - (node:65735) DeprecationWarning: `open()` is deprecated in mongoose >= 4.11.0, use `openUri()` instead, or set the `useMongoClient` option if using `connect()` or `createConnection()`. See http://mongoosejs.com/docs/connections.html#use-mongo-client
